<?xml version="1.0" encoding="UTF-8"?>
<testsuite name="br.com.dio.desafioreactor.Question3Test" tests="2" skipped="0" failures="0" errors="0" timestamp="2024-04-08T15:25:10" hostname="marcio-levada-Inspiron-7580" time="0.056">
  <properties/>
  <testcase name="validUser()" classname="br.com.dio.desafioreactor.Question3Test" time="0.033"/>
  <testcase name="invalidUser()" classname="br.com.dio.desafioreactor.Question3Test" time="0.021"/>
  <system-out><![CDATA[]]></system-out>
  <system-err><![CDATA[]]></system-err>
</testsuite>
